<?xml version="1.0" encoding="UTF-8"?>
<!-- Generated by org.testng.reporters.JUnitReportReporter -->
<testsuite hostname="DESKTOP-BLMPMH6" failures="0" tests="1" name="day3.HeadersDemo" time="3.864" errors="0" timestamp="2025-02-21T21:21:16 IST" skipped="0">
  <testcase classname="day3.HeadersDemo" name="getHeaders" time="3.864"/>
</testsuite> <!-- day3.HeadersDemo -->
