<?xml version="1.0" encoding="UTF-8"?>
<!-- Generated by org.testng.reporters.JUnitReportReporter -->
<testsuite hostname="DESKTOP-BLMPMH6" failures="0" tests="1" name="day3.LogginDemo" time="3.188" errors="0" timestamp="2025-02-21T21:31:17 IST" skipped="0">
  <testcase classname="day3.LogginDemo" name="testlogs" time="3.188"/>
</testsuite> <!-- day3.LogginDemo -->
