<?xml version="1.0" encoding="UTF-8"?>
<!-- Generated by org.testng.reporters.JUnitReportReporter -->
<testsuite hostname="DESKTOP-BLMPMH6" failures="0" tests="1" name="day3.CookiesDemo" time="4.913" errors="0" timestamp="2025-02-21T21:06:11 IST" skipped="0">
  <testcase classname="day3.CookiesDemo" name="testCookies" time="4.913"/>
</testsuite> <!-- day3.CookiesDemo -->
