<?xml version="1.0" encoding="UTF-8"?>
<!-- Generated by org.testng.reporters.JUnitReportReporter -->
<testsuite hostname="DESKTOP-BLMPMH6" failures="0" tests="4" name="day1.HTTPRequests" time="6.817" errors="0" timestamp="2025-02-06T22:11:07 IST" skipped="0">
  <testcase classname="day1.HTTPRequests" name="getUser" time="4.480"/>
  <testcase classname="day1.HTTPRequests" name="createUser" time="1.171"/>
  <testcase classname="day1.HTTPRequests" name="updateUser" time="0.571"/>
  <testcase classname="day1.HTTPRequests" name="deleteUser" time="0.595"/>
</testsuite> <!-- day1.HTTPRequests -->
