<?xml version="1.0" encoding="UTF-8"?>
<!-- Generated by org.testng.reporters.JUnitReportReporter -->
<testsuite hostname="DESKTOP-BLMPMH6" failures="0" tests="1" name="day3.PathAndQueryParameters" time="4.131" errors="0" timestamp="2025-02-21T19:30:00 IST" skipped="0">
  <testcase classname="day3.PathAndQueryParameters" name="testQueryAndParameters" time="4.131"/>
</testsuite> <!-- day3.PathAndQueryParameters -->
