<?xml version="1.0" encoding="UTF-8"?>
<!-- Generated by org.testng.reporters.JUnitReportReporter -->
<testsuite hostname="DESKTOP-BLMPMH6" failures="0" tests="2" name="day2.DiffWaysToCreatePostRequestBody" time="3.463" errors="0" timestamp="2025-02-20T21:58:49 IST" skipped="0">
  <testcase classname="day2.DiffWaysToCreatePostRequestBody" name="testPostUsingExternalJsonFile" time="3.054"/>
  <testcase classname="day2.DiffWaysToCreatePostRequestBody" name="testDelete" time="0.409"/>
</testsuite> <!-- day2.DiffWaysToCreatePostRequestBody -->
